['DT', 'NN', 'POS', 'NN', 'MD', 'VB', 'VBN', 'IN', 'JJ', 'VBP', 'NNS', 'DT', 'NN', ',', 'IN', 'NNS', 'IN', 'NN', ',', 'NN', ',', 'NN', 'CC', 'NN', '.']
['DT', 'RBS', 'JJ', 'NN', 'MD', 'VB', 'DT', 'NNP', 'NN', 'NN', 'NN', 'JJ', 'IN', 'NN', '.']
['DT', 'NN', 'NN', 'VBZ', 'VBN', 'TO', 'VB', 'TO', 'IN', '$', 'CD', 'CD', 'IN', 'NNP', 'POS', '$', 'CD', 'CD', ',', 'VBG', 'TO', 'DT', 'NN', 'IN', 'NNP', 'NNP', ',', 'DT', 'NN', 'IN', 'NNP', 'NNP', ',', 'NNP', 'NNP', '.']
['NNP', 'POS', 'NN', 'IN', 'DT', 'NNP', 'NN', 'NN', 'NN', 'VBZ', 'VBN', 'TO', 'VB', ',', 'IN', 'RB', 'RB', 'RB', 'IN', 'DT', 'CD', 'NN', 'NN', 'VBD', 'NNP', 'IN', 'DT', 'NN', 'NN', 'NN', '.']
['DT', 'NN', 'VBD', 'VBG', 'VBN', 'IN', 'DT', 'NN', 'DT', 'NN', 'NN', 'VBD', 'RB', 'JJ', 'IN', 'NNP', 'POS', 'NN', ',', 'IN', 'PRP', 'VBD', 'VBN', 'IN', 'PRP$', 'JJ', 'JJ', 'NN', '.']
['NNS', 'VBP', 'VBN', 'RB', 'TO', 'WRB', 'JJ', 'NN', 'NN', 'PRP', 'VBP', 'TO', 'VB', 'IN', 'NNP', 'NNS', 'IN', 'JJ', 'NN', 'CC', 'NN', 'NN', ',', 'RB', 'JJ', 'NN', '.']
['RB', ',', 'NNP', 'NN', 'NNS', ',', 'JJ', 'NNP', ',', 'VBP', 'VBN', 'TO', 'VB', 'VBD', 'RB', '.']
['``', 'EX', 'VBZ', 'DT', 'NN', 'IN', 'DT', 'NN', "''", 'IN', 'DT', 'NN', 'NN', ',', 'VBD', 'NNP', 'NNP', ',', 'NN', 'IN', 'NN', 'IN', 'NNP', '.']
['DT', 'NN', 'IN', 'DT', 'NN', ',', 'IN', 'PRP', 'VBD', 'VBN', 'IN', 'DT', 'RB', 'JJ', 'NN', ',', 'MD', 'VB', 'NN', 'NNS', ':', 'CC', 'DT', 'NN', 'VBN', 'NNP', 'IN', 'NNS', 'VBD', '.']
['IN', 'DT', 'NN', ',', 'NNP', 'NNP', 'CC', 'JJ', 'NNS', 'VBP', 'IN', 'DT', 'JJ', 'NNS', 'IN', 'VBG', 'DT', 'NN', 'NN', 'VBP', 'RB', 'VBN', 'VBN', '.']
['``', 'NNP', 'VBZ', 'RB', 'VBG', 'TO', 'VB', 'RBR', 'RB', 'JJ', 'IN', 'DT', 'JJ', 'CD', 'CC', 'CD', 'NNS', 'IN', 'NN', 'VBZ', 'TO', 'VB', ',', "''", 'PRP', 'VBD', '.']
['NNS', 'VBP', 'VBN', 'TO', 'VB', 'VBN', 'RB', 'IN', 'NNP', ',', 'CC', 'RB', 'RB', 'JJ', 'TO', 'VB', 'DT', 'NN', 'IN', 'NNS', ',', 'NNS', 'VBD', '.']
['VB', 'IN', 'NN', 'NN', 'VBP', 'VBN', 'IN', 'NNS', 'WP', 'VBP', 'NNP', 'POS', 'JJ', 'NN', 'IN', 'NN', 'NN', 'NN', 'IN', 'DT', 'NN', 'IN', 'DT', 'NN', 'CC', 'DT', 'WP', 'VBP', 'DT', 'RB', 'RBR', 'JJ', 'JJ', 'NN', 'NNS', 'IN', 'PRP$', 'NNS', '.']
['DT', 'JJ', 'NN', 'IN', 'NNS', 'IN', 'DT', 'JJ', 'NN', 'NN', 'VBZ', 'DT', 'NNS', ':', 'DT', 'NNS', 'VBN', 'IN', 'DT', 'NN', 'IN', 'CD', 'NN', 'TO', 'DT', 'NN', 'IN', 'CD', 'NN', ',', 'VBG', 'TO', 'NNP', '.']
['DT', 'NN', 'IN', 'NN', 'NNS', ',', 'WDT', 'VBD', 'VB', 'RP', 'DT', 'NN', 'NN', 'NN', ',', 'VBZ', 'VBN', 'TO', 'VB', 'DT', 'JJ', 'IN', 'DT', 'NN', 'NN', 'NN', '.']
['DT', 'NN', 'NN', 'VBZ', 'DT', 'CD', 'NN', 'NN', 'IN', 'DT', 'NNP', 'NNP', 'IN', 'DT', 'JJ', 'NN', 'IN', 'NNP', '.']
['NNP', 'NNP', 'NNP', ',', 'DT', 'NN', 'IN', 'NNP', 'POS', 'NNP', 'IN', 'NNP', 'NNP', ',', 'VBZ', 'IN', 'DT', 'VBG', 'DT', 'RBR', 'JJ', 'NN', 'IN', 'DT', 'NNP', 'IN', 'IN', 'NNS', 'IN', 'DT', 'NN', 'NN', '.']
['``', 'NN', 'NNS', 'VBD', 'DT', 'JJ', 'NN', 'IN', 'DT', 'NNP', ',', 'CC', 'IN', 'DT', 'NNP', 'NN', 'PRP', 'MD', 'RB', ',', "''", 'PRP', 'VBD', '.']
['NNP', 'NNS', 'VBP', 'VBN', 'TO', 'VB', 'JJ', ',', 'CC', 'NN', 'NNS', 'VBD', 'RB', 'JJ', 'IN', 'CD', 'NN', ',', 'VBD', 'NNP', 'VB', ',', 'NN', 'IN', 'NNP', 'NNP', 'NNP', '.']
['PRP', 'RB', 'VBZ', 'PRP', 'VBZ', '``', 'JJ', 'NN', ',', "''", 'WDT', 'VBZ', 'DT', 'JJ', 'NN', 'CC', 'NN', 'NNS', ',', 'VBD', 'JJ', 'JJ', 'NN', '.']
['PRP', 'VBZ', 'DT', 'NN', 'IN', 'RB', 'JJ', 'IN', 'CD', 'NN', 'IN', 'JJ', 'NN', 'IN', 'DT', 'NN', 'IN', 'RB', 'JJR', 'NNS', '.']
['NNP', 'NNS', 'VBP', 'VBN', 'TO', 'VB', 'DT', 'NN', 'IN', 'NNP', 'POS', 'JJ', 'NN', 'IN', 'VBP', 'NNS', '.']
['NNS', 'VBP', 'DT', 'NNP', 'NN', 'IN', 'NNS', 'IN', 'JJ', 'NNS', 'VBD', 'DT', 'NN', 'IN', 'NNP', 'VBZ', ',', 'IN', 'NN', 'VBZ', 'RB', 'JJ', 'IN', 'JJ', 'NNS', '.']
['VB', 'NN']
['PRP$', 'PRP$', 'PRP$', 'PRP$', 'PRP$', 'PRP$', 'PRP$', 'PRP$', 'PRP$', 'PRP$', 'PRP$', 'PRP$', 'PRP$', 'PRP$', 'PRP$', 'PRP$', 'PRP$', 'PRP$', 'PRP$', 'PRP$', 'PRP$', 'PRP$', 'PRP$', 'PRP$', 'PRP$', 'PRP$', 'PRP$', 'PRP$']
[':', 'VB', 'NNP', 'VB', '.']
['PRP$', 'PRP$']
['WRB', 'NN', 'NNS', 'VBP', 'VBN', 'JJ', 'TO', 'NN', 'NN', 'NNS', ',', 'VBP', 'PRP', '``', 'VBD', 'IN', 'PRP$', 'NNS', 'RB', "''", '.']
[':', 'VB', 'NNP', '.']
['VBG', 'DT', 'NN', 'NN', 'VBZ', 'RB', 'VB', 'RB', 'CC', 'RB', 'VBP', 'NNS', 'CC', 'NN', 'NNS', ',', 'JJ', 'NN', 'NNS', 'IN', 'DT', 'JJ', 'NNS', 'MD', 'VB', 'VBG', 'NNP', 'POS', 'NN', 'IN', 'DT', '.']
['``', 'NNP', 'NNP', "''", 'VBZ', 'DT', 'JJ', 'NN', 'WDT', 'VBP', 'RB', 'CD', 'NNS', 'RB', 'IN', 'JJ', 'NN', 'IN', 'PRP$', 'NN', ',', 'VBP', 'NN', '.']
['DT', 'JJ', 'NNS', 'VBP', 'PRP', 'JJ', 'IN', 'DT', 'VBP', 'IN', 'DT', 'NN', 'IN', 'CD', '.']
['NNP', 'POS', 'NN', 'IN', 'CD', ',', 'RB', 'TO', 'VB', 'JJ', '.']
['PRP$', 'PRP$', 'PRP$', 'PRP$', 'PRP$', 'PRP$', 'PRP$', 'PRP$', 'PRP$', 'PRP$', 'PRP$', 'PRP$', 'PRP$', 'PRP$', 'PRP$', 'PRP$', 'PRP$', 'PRP$', 'PRP$', 'PRP$', 'PRP$', 'PRP$', 'PRP$', 'PRP$', 'PRP$', 'PRP$', 'PRP$', 'PRP$', 'PRP$', 'PRP$', 'PRP$', 'PRP$', 'PRP$', 'PRP$', 'PRP$', 'PRP$', 'PRP$', 'PRP$', 'PRP$', 'PRP$', 'PRP$', 'PRP$', 'PRP$', 'PRP$', 'PRP$', 'PRP$', 'PRP$', 'PRP$', 'PRP$', 'PRP$', 'PRP$', 'PRP$', 'PRP$', 'PRP$', 'PRP$']
['CC', 'IN', 'PDT', 'DT', 'NN', 'CC', 'NN', 'IN', 'JJ', 'NN', 'VBP', 'DT', 'VBP', 'NNS', 'TO', 'VB', 'RB', ':', 'NN', 'TO', 'VB', 'RP', 'DT', 'CD', 'IN', 'NN', ':', 'NN', 'TO', 'VB', 'DT', 'NN', 'IN', 'DT', 'NN', 'IN', 'DT', 'NN', ':', "''"]
['PRP', 'VBP', 'RB', 'VB', 'DT', 'JJ', 'NNS', 'NN', 'TO', 'VB', 'DT', 'NN', 'VBZ', 'JJ', 'IN', 'JJR', 'IN', 'JJ', 'NN', '.']
['PRP$', 'PRP$', 'PRP$', 'PRP$', 'PRP$', 'PRP$', 'PRP$', 'PRP$', 'PRP$', 'PRP$', 'PRP$', 'PRP$', 'PRP$', 'PRP$', 'PRP$', 'PRP$', 'PRP$', 'PRP$', 'PRP$', 'PRP$', 'PRP$', 'PRP$', 'PRP$', 'PRP$', 'PRP$', 'PRP$', 'PRP$', 'PRP$', 'PRP$', 'PRP$', 'PRP$', 'PRP$', 'PRP$', 'PRP$']
